# JRE version: Java(TM) SE Runtime Environment (8.0_51-b16) (build 1.8.0_51-b16)
# Java VM: Java HotSpot(TM) 64-Bit Server VM (25.51-b03 mixed mode windows-amd64 compressed oops)
Heap:
 garbage-first heap   total 1048576K, used 502878K [0x0000000080000000, 0x0000000082000100, 0x0000000100000000)
  region size 32768K, 2 young (65536K), 1 survivors (32768K)
 Metaspace       used 93808K, capacity 95649K, committed 96128K, reserved 1130496K
  class space    used 13948K, capacity 14619K, committed 14720K, reserved 1048576K
GC Heap History (10 events):
Event: 50.807 GC heap before
{Heap before GC invocations=95 (full 0):
 garbage-first heap   total 1048576K, used 607614K [0x0000000080000000, 0x0000000082000100, 0x0000000100000000)
  region size 32768K, 6 young (196608K), 1 survivors (32768K)
 Metaspace       used 88323K, capacity 90055K, committed 90368K, reserved 1126400K
  class space    used 12968K, capacity 13560K, committed 13568K, reserved 1048576K
Event: 50.860 GC heap after
Heap after GC invocations=96 (full 0):
 garbage-first heap   total 1048576K, used 456289K [0x0000000080000000, 0x0000000082000100, 0x0000000100000000)
  region size 32768K, 1 young (32768K), 1 survivors (32768K)
 Metaspace       used 88323K, capacity 90055K, committed 90368K, reserved 1126400K
  class space    used 12968K, capacity 13560K, committed 13568K, reserved 1048576K
}
Event: 51.409 GC heap before
{Heap before GC invocations=96 (full 0):
 garbage-first heap   total 1048576K, used 620129K [0x0000000080000000, 0x0000000082000100, 0x0000000100000000)
  region size 32768K, 6 young (196608K), 1 survivors (32768K)
 Metaspace       used 89118K, capacity 90849K, committed 91392K, reserved 1126400K
  class space    used 13113K, capacity 13699K, committed 13824K, reserved 1048576K
Event: 51.459 GC heap after
Heap after GC invocations=97 (full 0):
 garbage-first heap   total 1048576K, used 471793K [0x0000000080000000, 0x0000000082000100, 0x0000000100000000)
  region size 32768K, 1 young (32768K), 1 survivors (32768K)
 Metaspace       used 89118K, capacity 90849K, committed 91392K, reserved 1126400K
  class space    used 13113K, capacity 13699K, committed 13824K, reserved 1048576K
}
Event: 51.890 GC heap before
{Heap before GC invocations=97 (full 0):
 garbage-first heap   total 1048576K, used 635633K [0x0000000080000000, 0x0000000082000100, 0x0000000100000000)
  region size 32768K, 6 young (196608K), 1 survivors (32768K)
 Metaspace       used 90137K, capacity 91849K, committed 92288K, reserved 1128448K
  class space    used 13268K, capacity 13889K, committed 13952K, reserved 1048576K
Event: 51.930 GC heap after
Heap after GC invocations=98 (full 0):
 garbage-first heap   total 1048576K, used 485397K [0x0000000080000000, 0x0000000082000100, 0x0000000100000000)
  region size 32768K, 1 young (32768K), 1 survivors (32768K)
 Metaspace       used 90137K, capacity 91849K, committed 92288K, reserved 1128448K
  class space    used 13268K, capacity 13889K, committed 13952K, reserved 1048576K
}
Event: 52.732 GC heap before
{Heap before GC invocations=98 (full 0):
 garbage-first heap   total 1048576K, used 747541K [0x0000000080000000, 0x0000000082000100, 0x0000000100000000)
  region size 32768K, 9 young (294912K), 1 survivors (32768K)
 Metaspace       used 92060K, capacity 93885K, committed 94464K, reserved 1130496K
  class space    used 13580K, capacity 14247K, committed 14336K, reserved 1048576K
Event: 52.756 GC heap after
Heap after GC invocations=99 (full 0):
 garbage-first heap   total 1048576K, used 500864K [0x0000000080000000, 0x0000000082000100, 0x0000000100000000)
  region size 32768K, 2 young (65536K), 2 survivors (65536K)
 Metaspace       used 92060K, capacity 93885K, committed 94464K, reserved 1130496K
  class space    used 13580K, capacity 14247K, committed 14336K, reserved 1048576K
}
Event: 53.333 GC heap before
{Heap before GC invocations=99 (full 0):
 garbage-first heap   total 1048576K, used 697472K [0x0000000080000000, 0x0000000082000100, 0x0000000100000000)
  region size 32768K, 8 young (262144K), 2 survivors (65536K)
 Metaspace       used 93615K, capacity 95457K, committed 95872K, reserved 1130496K
  class space    used 13931K, capacity 14619K, committed 14720K, reserved 1048576K
Event: 53.359 GC heap after
Heap after GC invocations=100 (full 0):
 garbage-first heap   total 1048576K, used 502878K [0x0000000080000000, 0x0000000082000100, 0x0000000100000000)
  region size 32768K, 1 young (32768K), 1 survivors (32768K)
 Metaspace       used 93615K, capacity 95457K, committed 95872K, reserved 1130496K
  class space    used 13931K, capacity 14619K, committed 14720K, reserved 1048576K
}

